[0.016s] Invoking command in '/home/rhyloo/Documents/Universidad/CyPR/ROS/dev_ws/build/first_pkg': CMAKE_PREFIX_PATH=${CMAKE_PREFIX_PATH}:/opt/ros/humble /usr/bin/cmake --build /home/rhyloo/Documents/Universidad/CyPR/ROS/dev_ws/build/first_pkg -- -j8 -l8
[0.072s] -- Found ament_cmake: 1.3.2 (/opt/ros/humble/share/ament_cmake/cmake)
[0.221s] -- Found ament_lint_auto: 0.12.4 (/opt/ros/humble/share/ament_lint_auto/cmake)
[0.280s] -- Found rclcpp: 16.0.1 (/opt/ros/humble/share/rclcpp/cmake)
[0.324s] -- Found rosidl_generator_c: 3.1.3 (/opt/ros/humble/share/rosidl_generator_c/cmake)
[0.328s] -- Found rosidl_adapter: 3.1.3 (/opt/ros/humble/share/rosidl_adapter/cmake)
[0.336s] -- Found rosidl_generator_cpp: 3.1.3 (/opt/ros/humble/share/rosidl_generator_cpp/cmake)
[0.350s] -- Using all available rosidl_typesupport_c: rosidl_typesupport_fastrtps_c;rosidl_typesupport_introspection_c
[0.368s] -- Using all available rosidl_typesupport_cpp: rosidl_typesupport_fastrtps_cpp;rosidl_typesupport_introspection_cpp
[0.434s] -- Found rmw_implementation_cmake: 6.1.0 (/opt/ros/humble/share/rmw_implementation_cmake/cmake)
[0.436s] -- Found rmw_fastrtps_cpp: 6.2.1 (/opt/ros/humble/share/rmw_fastrtps_cpp/cmake)
[0.556s] -- Using RMW implementation 'rmw_fastrtps_cpp' as default
[0.718s] -- Found geometry_msgs: 4.2.2 (/opt/ros/humble/share/geometry_msgs/cmake)
[0.768s] -- Added test 'cppcheck' to perform static code analysis on C / C++ code
[0.768s] -- Configured cppcheck include dirs: /home/rhyloo/Documents/Universidad/CyPR/ROS/dev_ws/src/first_pkg/include
[0.768s] -- Configured cppcheck exclude dirs and/or files: 
[0.769s] -- Added test 'lint_cmake' to check CMake code style
[0.770s] -- Added test 'uncrustify' to check C / C++ code style
[0.770s] -- Configured uncrustify additional arguments: 
[0.770s] -- Added test 'xmllint' to check XML markup files
[0.772s] -- Configuring done
[0.792s] -- Generating done
[0.795s] -- Build files have been written to: /home/rhyloo/Documents/Universidad/CyPR/ROS/dev_ws/build/first_pkg
[0.816s] [35m[1mConsolidate compiler generated dependencies of target hello[0m
[0.817s] [35m[1mConsolidate compiler generated dependencies of target controller[0m
[0.824s] [ 16%] [32mBuilding CXX object CMakeFiles/actuator.dir/src/actuator.cpp.o[0m
[0.827s] [ 50%] Built target hello
[0.846s] [ 83%] Built target controller
[2.990s] In file included from [01m[K/home/rhyloo/Documents/Universidad/CyPR/ROS/dev_ws/src/first_pkg/src/actuator.cpp:1[m[K:
[2.991s] [01m[K/home/rhyloo/Documents/Universidad/CyPR/ROS/dev_ws/src/first_pkg/include/first_pkg/actuator.hpp:16:44:[m[K [01;31m[Kerror: [m[Kâ€˜[01m[KString[m[Kâ€™ is not a member of â€˜[01m[Kgeometry_msgs::msg[m[Kâ€™; did you mean â€˜[01m[Kstd_msgs::msg::String[m[Kâ€™?
[2.991s]    16 |   rclcpp::Subscription<geometry_msgs::msg::[01;31m[KString[m[K>::SharedPtr sub_;
[2.991s]       |                                            [01;31m[K^~~~~~[m[K
[2.991s] In file included from [01m[K/opt/ros/humble/include/std_msgs/std_msgs/msg/string.hpp:7[m[K,
[2.991s]                  from [01m[K/home/rhyloo/Documents/Universidad/CyPR/ROS/dev_ws/src/first_pkg/include/first_pkg/actuator.hpp:2[m[K,
[2.991s]                  from [01m[K/home/rhyloo/Documents/Universidad/CyPR/ROS/dev_ws/src/first_pkg/src/actuator.cpp:1[m[K:
[2.991s] [01m[K/opt/ros/humble/include/std_msgs/std_msgs/msg/detail/string__struct.hpp:122:7:[m[K [01;36m[Knote: [m[Kâ€˜[01m[Kstd_msgs::msg::String[m[Kâ€™ declared here
[2.991s]   122 | using [01;36m[KString[m[K =
[2.991s]       |       [01;36m[K^~~~~~[m[K
[2.991s] In file included from [01m[K/home/rhyloo/Documents/Universidad/CyPR/ROS/dev_ws/src/first_pkg/src/actuator.cpp:1[m[K:
[2.991s] [01m[K/home/rhyloo/Documents/Universidad/CyPR/ROS/dev_ws/src/first_pkg/include/first_pkg/actuator.hpp:16:50:[m[K [01;31m[Kerror: [m[Ktemplate argument 1 is invalid
[2.991s]    16 |   rclcpp::Subscription<geometry_msgs::msg::String[01;31m[K>[m[K::SharedPtr sub_;
[2.991s]       |                                                  [01;31m[K^[m[K
[2.991s] [01m[K/home/rhyloo/Documents/Universidad/CyPR/ROS/dev_ws/src/first_pkg/include/first_pkg/actuator.hpp:16:50:[m[K [01;31m[Kerror: [m[Ktemplate argument 3 is invalid
[2.991s] [01m[K/home/rhyloo/Documents/Universidad/CyPR/ROS/dev_ws/src/first_pkg/include/first_pkg/actuator.hpp:16:50:[m[K [01;31m[Kerror: [m[Ktemplate argument 4 is invalid
[2.991s] [01m[K/home/rhyloo/Documents/Universidad/CyPR/ROS/dev_ws/src/first_pkg/include/first_pkg/actuator.hpp:16:50:[m[K [01;31m[Kerror: [m[Ktemplate argument 5 is invalid
[2.992s] [01m[K/home/rhyloo/Documents/Universidad/CyPR/ROS/dev_ws/src/first_pkg/include/first_pkg/actuator.hpp:16:53:[m[K [01;31m[Kerror: [m[Kexpected â€˜[01m[K;[m[Kâ€™ at end of member declaration
[2.992s]    16 |   rclcpp::Subscription<geometry_msgs::msg::String>::[01;31m[KSharedPtr[m[K sub_;
[2.992s]       |                                                     [01;31m[K^~~~~~~~~[m[K
[2.992s]       |                                                              [32m[K;[m[K
[2.995s] [01m[K/home/rhyloo/Documents/Universidad/CyPR/ROS/dev_ws/src/first_pkg/include/first_pkg/actuator.hpp:16:63:[m[K [01;31m[Kerror: [m[Kâ€˜[01m[Ksub_[m[Kâ€™ does not name a type
[2.995s]    16 |   rclcpp::Subscription<geometry_msgs::msg::String>::SharedPtr [01;31m[Ksub_[m[K;
[2.995s]       |                                                               [01;31m[K^~~~[m[K
[2.995s] [01m[K/home/rhyloo/Documents/Universidad/CyPR/ROS/dev_ws/src/first_pkg/include/first_pkg/actuator.hpp:18:2:[m[K [01;31m[Kerror: [m[Kexpected â€˜[01m[K;[m[Kâ€™ after class definition
[2.995s]    18 | }
[2.995s]       |  [01;31m[K^[m[K
[2.995s]       |  [32m[K;[m[K
[3.002s] [01m[K/home/rhyloo/Documents/Universidad/CyPR/ROS/dev_ws/src/first_pkg/src/actuator.cpp:[m[K In constructor â€˜[01m[KActuator::Actuator()[m[Kâ€™:
[3.002s] [01m[K/home/rhyloo/Documents/Universidad/CyPR/ROS/dev_ws/src/first_pkg/src/actuator.cpp:7:3:[m[K [01;31m[Kerror: [m[Kâ€˜[01m[Ksub_[m[Kâ€™ was not declared in this scope; did you mean â€˜[01m[Kpub_[m[Kâ€™?
[3.002s]     7 |   [01;31m[Ksub_[m[K = this->create_subscription<std_msgs::msg::String> ("/action",10,std::bind(&Actuator::execute_command, this, _1));
[3.002s]       |   [01;31m[K^~~~[m[K
[3.002s]       |   [32m[Kpub_[m[K
[5.148s] gmake[2]: *** [CMakeFiles/actuator.dir/build.make:76: CMakeFiles/actuator.dir/src/actuator.cpp.o] Error 1
[5.148s] gmake[1]: *** [CMakeFiles/Makefile2:193: CMakeFiles/actuator.dir/all] Error 2
[5.148s] gmake: *** [Makefile:146: all] Error 2
[5.152s] Invoked command in '/home/rhyloo/Documents/Universidad/CyPR/ROS/dev_ws/build/first_pkg' returned '2': CMAKE_PREFIX_PATH=${CMAKE_PREFIX_PATH}:/opt/ros/humble /usr/bin/cmake --build /home/rhyloo/Documents/Universidad/CyPR/ROS/dev_ws/build/first_pkg -- -j8 -l8
