[35m[1mConsolidate compiler generated dependencies of target squareController[0m
[ 50%] Built target keyController
[ 50%] Built target randomController
[ 75%] Built target actuator
[ 87%] [32mBuilding CXX object CMakeFiles/squareController.dir/src/squareController.cpp.o[0m
[01m[K/home/rhyloo/Documents/Universidad/CyPR/ROS/dev_ws/src/first_pkg/src/squareController.cpp:[m[K In member function â€˜[01m[Kvoid squareController::publish_method()[m[Kâ€™:
[01m[K/home/rhyloo/Documents/Universidad/CyPR/ROS/dev_ws/src/first_pkg/src/squareController.cpp:22:10:[m[K [01;31m[Kerror: [m[Kexpected â€˜[01m[K)[m[Kâ€™ before â€˜[01m[K~[m[Kâ€™ token
   22 |     if [34m[K([m[Ki[01;31m[K~[m[K=11 && i~=22 && i~=33 && i~=44){
      |        [34m[K~[m[K [01;31m[K^[m[K
      |          [32m[K)[m[K
gmake[2]: *** [CMakeFiles/squareController.dir/build.make:76: CMakeFiles/squareController.dir/src/squareController.cpp.o] Error 1
gmake[1]: *** [CMakeFiles/Makefile2:221: CMakeFiles/squareController.dir/all] Error 2
gmake: *** [Makefile:146: all] Error 2
