[35m[1mConsolidate compiler generated dependencies of target actuator[0m
[ 25%] Built target randomController
[ 50%] Built target keyController
[ 75%] Built target actuator
[ 87%] [32mBuilding CXX object CMakeFiles/squareController.dir/src/squareController.cpp.o[0m
[01m[K/home/rhyloo/Documents/Universidad/CyPR/ROS/dev_ws/src/first_pkg/src/squareController.cpp:[m[K In member function â€˜[01m[Kvoid squareController::publish_method()[m[Kâ€™:
[01m[K/home/rhyloo/Documents/Universidad/CyPR/ROS/dev_ws/src/first_pkg/src/squareController.cpp:39:16:[m[K [01;31m[Kerror: [m[Kredeclaration of â€˜[01m[Krclcpp::Rate loop_rate[m[Kâ€™
   39 |   rclcpp::Rate [01;31m[Kloop_rate[m[K(1);
      |                [01;31m[K^~~~~~~~~[m[K
[01m[K/home/rhyloo/Documents/Universidad/CyPR/ROS/dev_ws/src/first_pkg/src/squareController.cpp:22:16:[m[K [01;36m[Knote: [m[Kâ€˜[01m[Krclcpp::Rate loop_rate[m[Kâ€™ previously declared here
   22 |   rclcpp::Rate [01;36m[Kloop_rate[m[K(1/time);
      |                [01;36m[K^~~~~~~~~[m[K
gmake[2]: *** [CMakeFiles/squareController.dir/build.make:76: CMakeFiles/squareController.dir/src/squareController.cpp.o] Error 1
gmake[1]: *** [CMakeFiles/Makefile2:221: CMakeFiles/squareController.dir/all] Error 2
gmake: *** [Makefile:146: all] Error 2
