[0.044s] Invoking command in '/home/rhyloo/Documents/Universidad/CyPR/ROS/dev_ws/build/first_pkg': CMAKE_PREFIX_PATH=${CMAKE_PREFIX_PATH}:/opt/ros/humble /usr/bin/cmake --build /home/rhyloo/Documents/Universidad/CyPR/ROS/dev_ws/build/first_pkg -- -j8 -l8
[0.067s] [35m[1mConsolidate compiler generated dependencies of target squareController[0m
[0.075s] [ 50%] Built target actuator
[0.075s] [ 50%] Built target randomController
[0.076s] [ 75%] Built target keyController
[0.088s] [ 87%] [32mBuilding CXX object CMakeFiles/squareController.dir/src/squareController.cpp.o[0m
[2.299s] [01m[K/home/rhyloo/Documents/Universidad/CyPR/ROS/dev_ws/src/first_pkg/src/squareController.cpp:33:1:[m[K [01;31m[Kerror: [m[Kâ€˜[01m[KInt[m[Kâ€™ does not name a type; did you mean â€˜[01m[Kint[m[Kâ€™?
[2.299s]    33 | [01;31m[KInt[m[K main(int argc, char **argv)
[2.299s]       | [01;31m[K^~~[m[K
[2.300s]       | [32m[Kint[m[K
[3.035s] gmake[2]: *** [CMakeFiles/squareController.dir/build.make:76: CMakeFiles/squareController.dir/src/squareController.cpp.o] Error 1
[3.035s] gmake[1]: *** [CMakeFiles/Makefile2:221: CMakeFiles/squareController.dir/all] Error 2
[3.035s] gmake: *** [Makefile:146: all] Error 2
[3.037s] Invoked command in '/home/rhyloo/Documents/Universidad/CyPR/ROS/dev_ws/build/first_pkg' returned '2': CMAKE_PREFIX_PATH=${CMAKE_PREFIX_PATH}:/opt/ros/humble /usr/bin/cmake --build /home/rhyloo/Documents/Universidad/CyPR/ROS/dev_ws/build/first_pkg -- -j8 -l8
