[35m[1mConsolidate compiler generated dependencies of target actuator[0m
[ 66%] Built target randomController
[ 66%] Built target keyController
[ 83%] [32mBuilding CXX object CMakeFiles/actuator.dir/src/actuator.cpp.o[0m
[01m[K/home/rhyloo/Documents/Universidad/CyPR/ROS/dev_ws/src/first_pkg/src/actuator.cpp:[m[K In function â€˜[01m[Kint main(int, char**)[m[Kâ€™:
[01m[K/home/rhyloo/Documents/Universidad/CyPR/ROS/dev_ws/src/first_pkg/src/actuator.cpp:77:10:[m[K [01;31m[Kerror: [m[Kâ€˜[01m[Kclass std::shared_ptr<Actuator>[m[Kâ€™ has no member named â€˜[01m[KpublishActuation[m[Kâ€™
   77 |     node.[01;31m[KpublishActuation[m[K();
      |          [01;31m[K^~~~~~~~~~~~~~~~[m[K
gmake[2]: *** [CMakeFiles/actuator.dir/build.make:76: CMakeFiles/actuator.dir/src/actuator.cpp.o] Error 1
gmake[1]: *** [CMakeFiles/Makefile2:167: CMakeFiles/actuator.dir/all] Error 2
gmake: *** [Makefile:146: all] Error 2
