[0.016s] Invoking command in '/home/rhyloo/Documents/Universidad/CyPR/ROS/dev_ws/build/first_pkg': CMAKE_PREFIX_PATH=${CMAKE_PREFIX_PATH}:/opt/ros/humble /usr/bin/cmake --build /home/rhyloo/Documents/Universidad/CyPR/ROS/dev_ws/build/first_pkg -- -j8 -l8
[0.052s] [35m[1mConsolidate compiler generated dependencies of target randomController[0m
[0.063s] [ 16%] [32mBuilding CXX object CMakeFiles/keyController.dir/src/keyController.cpp.o[0m
[0.063s] [ 50%] Built target actuator
[0.070s] [ 83%] Built target randomController
[2.191s] [01m[K/home/rhyloo/Documents/Universidad/CyPR/ROS/dev_ws/src/first_pkg/src/keyController.cpp:[m[K In function â€˜[01m[Kint main(int, char**)[m[Kâ€™:
[2.191s] [01m[K/home/rhyloo/Documents/Universidad/CyPR/ROS/dev_ws/src/first_pkg/src/keyController.cpp:78:3:[m[K [01;31m[Kerror: [m[Kâ€˜[01m[Kpublisher_[m[Kâ€™ was not declared in this scope; did you mean â€˜[01m[Krmw_publisher_t[m[Kâ€™?
[2.191s]    78 |   [01;31m[Kpublisher_[m[K->publish(message);
[2.191s]       |   [01;31m[K^~~~~~~~~~[m[K
[2.192s]       |   [32m[Krmw_publisher_t[m[K
[2.922s] gmake[2]: *** [CMakeFiles/keyController.dir/build.make:76: CMakeFiles/keyController.dir/src/keyController.cpp.o] Error 1
[2.922s] gmake[1]: *** [CMakeFiles/Makefile2:193: CMakeFiles/keyController.dir/all] Error 2
[2.922s] gmake: *** [Makefile:146: all] Error 2
[2.924s] Invoked command in '/home/rhyloo/Documents/Universidad/CyPR/ROS/dev_ws/build/first_pkg' returned '2': CMAKE_PREFIX_PATH=${CMAKE_PREFIX_PATH}:/opt/ros/humble /usr/bin/cmake --build /home/rhyloo/Documents/Universidad/CyPR/ROS/dev_ws/build/first_pkg -- -j8 -l8
