[0.011s] Invoking command in '/home/rhyloo/Documents/Universidad/CyPR/ROS/dev_ws/build/first_pkg': CMAKE_PREFIX_PATH=${CMAKE_PREFIX_PATH}:/opt/ros/humble /usr/bin/cmake --build /home/rhyloo/Documents/Universidad/CyPR/ROS/dev_ws/build/first_pkg -- -j8 -l8
[0.046s] [35m[1mConsolidate compiler generated dependencies of target actuator[0m
[0.057s] [ 66%] Built target keyController
[0.057s] [ 66%] Built target randomController
[0.062s] [ 83%] [32mBuilding CXX object CMakeFiles/actuator.dir/src/actuator.cpp.o[0m
[2.058s] [01m[K/home/rhyloo/Documents/Universidad/CyPR/ROS/dev_ws/src/first_pkg/src/actuator.cpp:[m[K In function â€˜[01m[Kint main(int, char**)[m[Kâ€™:
[2.059s] [01m[K/home/rhyloo/Documents/Universidad/CyPR/ROS/dev_ws/src/first_pkg/src/actuator.cpp:77:5:[m[K [01;31m[Kerror: [m[Kâ€˜[01m[Knode[m[Kâ€™ is not a class, namespace, or enumeration
[2.059s]    77 |     [01;31m[Knode[m[K::publishActuation();
[2.059s]       |     [01;31m[K^~~~[m[K
[4.262s] gmake[2]: *** [CMakeFiles/actuator.dir/build.make:76: CMakeFiles/actuator.dir/src/actuator.cpp.o] Error 1
[4.262s] gmake[1]: *** [CMakeFiles/Makefile2:167: CMakeFiles/actuator.dir/all] Error 2
[4.263s] gmake: *** [Makefile:146: all] Error 2
[4.265s] Invoked command in '/home/rhyloo/Documents/Universidad/CyPR/ROS/dev_ws/build/first_pkg' returned '2': CMAKE_PREFIX_PATH=${CMAKE_PREFIX_PATH}:/opt/ros/humble /usr/bin/cmake --build /home/rhyloo/Documents/Universidad/CyPR/ROS/dev_ws/build/first_pkg -- -j8 -l8
