[0.015s] Invoking command in '/home/rhyloo/Documents/Universidad/CyPR/ROS/dev_ws/build/first_pkg': CMAKE_PREFIX_PATH=${CMAKE_PREFIX_PATH}:/opt/ros/humble /usr/bin/cmake --build /home/rhyloo/Documents/Universidad/CyPR/ROS/dev_ws/build/first_pkg -- -j8 -l8
[0.046s] [35m[1mConsolidate compiler generated dependencies of target actuator[0m
[0.054s] [ 33%] Built target hello
[0.057s] [ 66%] Built target controller
[0.062s] [ 83%] [32mBuilding CXX object CMakeFiles/actuator.dir/src/actuator.cpp.o[0m
[2.013s] In file included from [01m[K/home/rhyloo/Documents/Universidad/CyPR/ROS/dev_ws/src/first_pkg/src/actuator.cpp:1[m[K:
[2.013s] [01m[K/home/rhyloo/Documents/Universidad/CyPR/ROS/dev_ws/src/first_pkg/include/first_pkg/actuator.hpp:16:44:[m[K [01;31m[Kerror: [m[Kâ€˜[01m[KString[m[Kâ€™ is not a member of â€˜[01m[Kgeometry_msgs::msg[m[Kâ€™; did you mean â€˜[01m[Kstd_msgs::msg::String[m[Kâ€™?
[2.013s]    16 |   rclcpp::Subscription<geometry_msgs::msg::[01;31m[KString[m[K>::SharedPtr sub_;
[2.013s]       |                                            [01;31m[K^~~~~~[m[K
[2.013s] In file included from [01m[K/opt/ros/humble/include/std_msgs/std_msgs/msg/string.hpp:7[m[K,
[2.013s]                  from [01m[K/home/rhyloo/Documents/Universidad/CyPR/ROS/dev_ws/src/first_pkg/include/first_pkg/actuator.hpp:2[m[K,
[2.013s]                  from [01m[K/home/rhyloo/Documents/Universidad/CyPR/ROS/dev_ws/src/first_pkg/src/actuator.cpp:1[m[K:
[2.013s] [01m[K/opt/ros/humble/include/std_msgs/std_msgs/msg/detail/string__struct.hpp:122:7:[m[K [01;36m[Knote: [m[Kâ€˜[01m[Kstd_msgs::msg::String[m[Kâ€™ declared here
[2.013s]   122 | using [01;36m[KString[m[K =
[2.013s]       |       [01;36m[K^~~~~~[m[K
[2.013s] In file included from [01m[K/home/rhyloo/Documents/Universidad/CyPR/ROS/dev_ws/src/first_pkg/src/actuator.cpp:1[m[K:
[2.013s] [01m[K/home/rhyloo/Documents/Universidad/CyPR/ROS/dev_ws/src/first_pkg/include/first_pkg/actuator.hpp:16:50:[m[K [01;31m[Kerror: [m[Ktemplate argument 1 is invalid
[2.013s]    16 |   rclcpp::Subscription<geometry_msgs::msg::String[01;31m[K>[m[K::SharedPtr sub_;
[2.013s]       |                                                  [01;31m[K^[m[K
[2.013s] [01m[K/home/rhyloo/Documents/Universidad/CyPR/ROS/dev_ws/src/first_pkg/include/first_pkg/actuator.hpp:16:50:[m[K [01;31m[Kerror: [m[Ktemplate argument 3 is invalid
[2.014s] [01m[K/home/rhyloo/Documents/Universidad/CyPR/ROS/dev_ws/src/first_pkg/include/first_pkg/actuator.hpp:16:50:[m[K [01;31m[Kerror: [m[Ktemplate argument 4 is invalid
[2.014s] [01m[K/home/rhyloo/Documents/Universidad/CyPR/ROS/dev_ws/src/first_pkg/include/first_pkg/actuator.hpp:16:50:[m[K [01;31m[Kerror: [m[Ktemplate argument 5 is invalid
[2.014s] [01m[K/home/rhyloo/Documents/Universidad/CyPR/ROS/dev_ws/src/first_pkg/include/first_pkg/actuator.hpp:16:53:[m[K [01;31m[Kerror: [m[Kexpected â€˜[01m[K;[m[Kâ€™ at end of member declaration
[2.014s]    16 |   rclcpp::Subscription<geometry_msgs::msg::String>::[01;31m[KSharedPtr[m[K sub_;
[2.014s]       |                                                     [01;31m[K^~~~~~~~~[m[K
[2.014s]       |                                                              [32m[K;[m[K
[2.014s] [01m[K/home/rhyloo/Documents/Universidad/CyPR/ROS/dev_ws/src/first_pkg/include/first_pkg/actuator.hpp:16:63:[m[K [01;31m[Kerror: [m[Kâ€˜[01m[Ksub_[m[Kâ€™ does not name a type
[2.014s]    16 |   rclcpp::Subscription<geometry_msgs::msg::String>::SharedPtr [01;31m[Ksub_[m[K;
[2.014s]       |                                                               [01;31m[K^~~~[m[K
[2.020s] [01m[K/home/rhyloo/Documents/Universidad/CyPR/ROS/dev_ws/src/first_pkg/src/actuator.cpp:[m[K In constructor â€˜[01m[KActuator::Actuator()[m[Kâ€™:
[2.020s] [01m[K/home/rhyloo/Documents/Universidad/CyPR/ROS/dev_ws/src/first_pkg/src/actuator.cpp:7:3:[m[K [01;31m[Kerror: [m[Kâ€˜[01m[Ksub_[m[Kâ€™ was not declared in this scope; did you mean â€˜[01m[Kpub_[m[Kâ€™?
[2.020s]     7 |   [01;31m[Ksub_[m[K = this->create_subscription<std_msgs::msg::String> ("/action",10,std::bind(&Actuator::execute_command, this, _1));
[2.020s]       |   [01;31m[K^~~~[m[K
[2.020s]       |   [32m[Kpub_[m[K
[4.136s] gmake[2]: *** [CMakeFiles/actuator.dir/build.make:76: CMakeFiles/actuator.dir/src/actuator.cpp.o] Error 1
[4.136s] gmake[1]: *** [CMakeFiles/Makefile2:193: CMakeFiles/actuator.dir/all] Error 2
[4.136s] gmake: *** [Makefile:146: all] Error 2
[4.138s] Invoked command in '/home/rhyloo/Documents/Universidad/CyPR/ROS/dev_ws/build/first_pkg' returned '2': CMAKE_PREFIX_PATH=${CMAKE_PREFIX_PATH}:/opt/ros/humble /usr/bin/cmake --build /home/rhyloo/Documents/Universidad/CyPR/ROS/dev_ws/build/first_pkg -- -j8 -l8
