[0.017s] Invoking command in '/home/rhyloo/Documents/Universidad/CyPR/ROS/dev_ws/build/first_pkg': CMAKE_PREFIX_PATH=${CMAKE_PREFIX_PATH}:/opt/ros/humble /usr/bin/cmake --build /home/rhyloo/Documents/Universidad/CyPR/ROS/dev_ws/build/first_pkg -- -j8 -l8
[0.103s] [35m[1mConsolidate compiler generated dependencies of target squareController[0m
[0.136s] [ 37%] Built target keyController
[0.136s] [ 50%] Built target randomController
[0.136s] [ 87%] [32mBuilding CXX object CMakeFiles/squareController.dir/src/squareController.cpp.o[0m
[0.137s] [ 87%] Built target actuator
[2.569s] [01m[K/home/rhyloo/Documents/Universidad/CyPR/ROS/dev_ws/src/first_pkg/src/squareController.cpp:[m[K In member function â€˜[01m[Kvoid squareController::publish_method()[m[Kâ€™:
[2.570s] [01m[K/home/rhyloo/Documents/Universidad/CyPR/ROS/dev_ws/src/first_pkg/src/squareController.cpp:23:10:[m[K [01;31m[Kerror: [m[Kconflicting declaration â€˜[01m[Kdouble time[m[Kâ€™
[2.570s]    23 |   double [01;31m[Ktime[m[K = side / 1;
[2.570s]       |          [01;31m[K^~~~[m[K
[2.570s] [01m[K/home/rhyloo/Documents/Universidad/CyPR/ROS/dev_ws/src/first_pkg/src/squareController.cpp:15:7:[m[K [01;36m[Knote: [m[Kprevious declaration as â€˜[01m[Kint time[m[Kâ€™
[2.570s]    15 |   int [01;36m[Ktime[m[K = 0;
[2.570s]       |       [01;36m[K^~~~[m[K
[2.570s] [01m[K/home/rhyloo/Documents/Universidad/CyPR/ROS/dev_ws/src/first_pkg/src/squareController.cpp:16:7:[m[K [01;35m[Kwarning: [m[Kunused variable â€˜[01m[Ksteps[m[Kâ€™ [[01;35m[K]8;;https://gcc.gnu.org/onlinedocs/gcc/Warning-Options.html#index-Wunused-variable-Wunused-variable]8;;[m[K]
[2.571s]    16 |   int [01;35m[Ksteps[m[K = 0;
[2.571s]       |       [01;35m[K^~~~~[m[K
[2.571s] [01m[K/home/rhyloo/Documents/Universidad/CyPR/ROS/dev_ws/src/first_pkg/src/squareController.cpp:28:10:[m[K [01;35m[Kwarning: [m[Kunused variable â€˜[01m[Kangle[m[Kâ€™ [[01;35m[K]8;;https://gcc.gnu.org/onlinedocs/gcc/Warning-Options.html#index-Wunused-variable-Wunused-variable]8;;[m[K]
[2.571s]    28 |   double [01;35m[Kangle[m[K = 90.0 / M_PI;
[2.571s]       |          [01;35m[K^~~~~[m[K
[3.308s] gmake[2]: *** [CMakeFiles/squareController.dir/build.make:76: CMakeFiles/squareController.dir/src/squareController.cpp.o] Error 1
[3.308s] gmake[1]: *** [CMakeFiles/Makefile2:221: CMakeFiles/squareController.dir/all] Error 2
[3.308s] gmake: *** [Makefile:146: all] Error 2
[3.310s] Invoked command in '/home/rhyloo/Documents/Universidad/CyPR/ROS/dev_ws/build/first_pkg' returned '2': CMAKE_PREFIX_PATH=${CMAKE_PREFIX_PATH}:/opt/ros/humble /usr/bin/cmake --build /home/rhyloo/Documents/Universidad/CyPR/ROS/dev_ws/build/first_pkg -- -j8 -l8
