[01m[K/home/rhyloo/Documents/Universidad/CyPR/ROS/dev_ws/src/first_pkg/src/squareController.cpp:[m[K In member function â€˜[01m[Kvoid squareController::publish_method()[m[Kâ€™:
[01m[K/home/rhyloo/Documents/Universidad/CyPR/ROS/dev_ws/src/first_pkg/src/squareController.cpp:39:9:[m[K [01;31m[Kerror: [m[Kâ€˜[01m[Kclass squareController[m[Kâ€™ has no member named â€˜[01m[Kloop_rate[m[Kâ€™
   39 |   this->[01;31m[Kloop_rate[m[K(1);
      |         [01;31m[K^~~~~~~~~[m[K
gmake[2]: *** [CMakeFiles/squareController.dir/build.make:76: CMakeFiles/squareController.dir/src/squareController.cpp.o] Error 1
gmake[1]: *** [CMakeFiles/Makefile2:221: CMakeFiles/squareController.dir/all] Error 2
gmake: *** [Makefile:146: all] Error 2
