[0.022s] Invoking command in '/home/rhyloo/Documents/Universidad/CyPR/ROS/dev_ws/build/first_pkg': CMAKE_PREFIX_PATH=${CMAKE_PREFIX_PATH}:/opt/ros/humble /usr/bin/cmake --build /home/rhyloo/Documents/Universidad/CyPR/ROS/dev_ws/build/first_pkg -- -j8 -l8
[0.080s] [35m[1mConsolidate compiler generated dependencies of target squareController[0m
[0.107s] [ 50%] Built target keyController
[0.107s] [ 50%] Built target actuator
[0.108s] [ 75%] Built target randomController
[0.118s] [ 87%] [32mBuilding CXX object CMakeFiles/squareController.dir/src/squareController.cpp.o[0m
[4.205s] [01m[K/home/rhyloo/Documents/Universidad/CyPR/ROS/dev_ws/src/first_pkg/src/squareController.cpp:[m[K In member function â€˜[01m[Kvoid squareController::publish_method()[m[Kâ€™:
[4.205s] [01m[K/home/rhyloo/Documents/Universidad/CyPR/ROS/dev_ws/src/first_pkg/src/squareController.cpp:39:8:[m[K [01;31m[Kerror: [m[Kconflicting declaration â€˜[01m[Kauto loop_rate[m[Kâ€™
[4.205s]    39 |   auto [01;31m[Kloop_rate[m[K(1);
[4.205s]       |        [01;31m[K^~~~~~~~~[m[K
[4.205s] [01m[K/home/rhyloo/Documents/Universidad/CyPR/ROS/dev_ws/src/first_pkg/src/squareController.cpp:22:16:[m[K [01;36m[Knote: [m[Kprevious declaration as â€˜[01m[Krclcpp::Rate loop_rate[m[Kâ€™
[4.205s]    22 |   rclcpp::Rate [01;36m[Kloop_rate[m[K(1/time);
[4.205s]       |                [01;36m[K^~~~~~~~~[m[K
[5.511s] gmake[2]: *** [CMakeFiles/squareController.dir/build.make:76: CMakeFiles/squareController.dir/src/squareController.cpp.o] Error 1
[5.512s] gmake[1]: *** [CMakeFiles/Makefile2:221: CMakeFiles/squareController.dir/all] Error 2
[5.512s] gmake: *** [Makefile:146: all] Error 2
[5.519s] Invoked command in '/home/rhyloo/Documents/Universidad/CyPR/ROS/dev_ws/build/first_pkg' returned '2': CMAKE_PREFIX_PATH=${CMAKE_PREFIX_PATH}:/opt/ros/humble /usr/bin/cmake --build /home/rhyloo/Documents/Universidad/CyPR/ROS/dev_ws/build/first_pkg -- -j8 -l8
