In file included from [01m[K/home/rhyloo/Documents/Universidad/CyPR/ROS/dev_ws/src/first_pkg/src/squareController.cpp:1[m[K:
[01m[K/home/rhyloo/Documents/Universidad/CyPR/ROS/dev_ws/src/first_pkg/include/first_pkg/squareController.hpp:18:3:[m[K [01;31m[Kerror: [m[Kâ€˜[01m[Krclppp[m[Kâ€™ does not name a type
   18 |   [01;31m[Krclppp[m[K::declare_parameter<int>("lado",5);
      |   [01;31m[K^~~~~~[m[K
[01m[K/home/rhyloo/Documents/Universidad/CyPR/ROS/dev_ws/src/first_pkg/src/squareController.cpp:[m[K In member function â€˜[01m[Kvoid squareController::publish_method()[m[Kâ€™:
[01m[K/home/rhyloo/Documents/Universidad/CyPR/ROS/dev_ws/src/first_pkg/src/squareController.cpp:16:22:[m[K [01;31m[Kerror: [m[Kexpected â€˜[01m[K;[m[Kâ€™ before string constant
   16 |   this->get_parameter[01;31m[K"[m[K[32m[Klado"[m[K,lado);
      |                      [01;31m[K^[m[K[32m[K~~~~~[m[K
      |                      [32m[K;[m[K
[01m[K/home/rhyloo/Documents/Universidad/CyPR/ROS/dev_ws/src/first_pkg/src/squareController.cpp:16:9:[m[K [01;31m[Kerror: [m[Kstatement cannot resolve address of overloaded function
   16 |   [01;31m[Kthis->get_parameter[m[K"lado",lado);
      |   [01;31m[K~~~~~~^~~~~~~~~~~~~[m[K
[01m[K/home/rhyloo/Documents/Universidad/CyPR/ROS/dev_ws/src/first_pkg/src/squareController.cpp:18:10:[m[K [01;31m[Kerror: [m[Kâ€˜[01m[Klado[m[Kâ€™ was not declared in this scope
   18 |   side = [01;31m[Klado[m[K.as_int();
      |          [01;31m[K^~~~[m[K
gmake[2]: *** [CMakeFiles/squareController.dir/build.make:76: CMakeFiles/squareController.dir/src/squareController.cpp.o] Error 1
gmake[1]: *** [CMakeFiles/Makefile2:221: CMakeFiles/squareController.dir/all] Error 2
gmake: *** [Makefile:146: all] Error 2
