[01m[K/home/rhyloo/Documents/Universidad/CyPR/ROS/dev_ws/src/first_pkg/src/keyController.cpp:63:6:[m[K [01;31m[Kerror: [m[Kno declaration matches â€˜[01m[Kvoid keyController::publishTheLastMethod()[m[Kâ€™
   63 | void [01;31m[KkeyController[m[K::publishTheLastMethod(){
      |      [01;31m[K^~~~~~~~~~~~~[m[K
[01m[K/home/rhyloo/Documents/Universidad/CyPR/ROS/dev_ws/src/first_pkg/src/keyController.cpp:63:6:[m[K [01;36m[Knote: [m[Kno functions named â€˜[01m[Kvoid keyController::publishTheLastMethod()[m[Kâ€™
In file included from [01m[K/home/rhyloo/Documents/Universidad/CyPR/ROS/dev_ws/src/first_pkg/src/keyController.cpp:1[m[K:
[01m[K/home/rhyloo/Documents/Universidad/CyPR/ROS/dev_ws/src/first_pkg/include/first_pkg/keyController.hpp:5:7:[m[K [01;36m[Knote: [m[Kâ€˜[01m[Kclass keyController[m[Kâ€™ defined here
    5 | class [01;36m[KkeyController[m[K : public rclcpp::Node {
      |       [01;36m[K^~~~~~~~~~~~~[m[K
[01m[K/home/rhyloo/Documents/Universidad/CyPR/ROS/dev_ws/src/first_pkg/src/keyController.cpp:[m[K In function â€˜[01m[Kint main(int, char**)[m[Kâ€™:
[01m[K/home/rhyloo/Documents/Universidad/CyPR/ROS/dev_ws/src/first_pkg/src/keyController.cpp:82:5:[m[K [01;31m[Kerror: [m[Kâ€˜[01m[Kclass keyController[m[Kâ€™ has no member named â€˜[01m[KpublishTheLastMethod[m[Kâ€™
   82 |   p.[01;31m[KpublishTheLastMethod[m[K();
      |     [01;31m[K^~~~~~~~~~~~~~~~~~~~[m[K
gmake[2]: *** [CMakeFiles/keyController.dir/build.make:76: CMakeFiles/keyController.dir/src/keyController.cpp.o] Error 1
gmake[1]: *** [CMakeFiles/Makefile2:193: CMakeFiles/keyController.dir/all] Error 2
gmake[1]: *** Waiting for unfinished jobs....
gmake: *** [Makefile:146: all] Error 2
