In file included from [01m[K/home/rhyloo/Documents/Universidad/CyPR/ROS/dev_ws/src/first_pkg/src/squareController.cpp:1[m[K:
[01m[K/home/rhyloo/Documents/Universidad/CyPR/ROS/dev_ws/src/first_pkg/include/first_pkg/squareController.hpp:18:3:[m[K [01;31m[Kerror: [m[Kâ€˜[01m[Krclppp[m[Kâ€™ does not name a type
   18 |   [01;31m[Krclppp[m[K::declare_parameter<int>("lado",5);
      |   [01;31m[K^~~~~~[m[K
[01m[K/home/rhyloo/Documents/Universidad/CyPR/ROS/dev_ws/src/first_pkg/src/squareController.cpp:[m[K In member function â€˜[01m[Kvoid squareController::publish_method()[m[Kâ€™:
[01m[K/home/rhyloo/Documents/Universidad/CyPR/ROS/dev_ws/src/first_pkg/src/squareController.cpp:20:15:[m[K [01;31m[Kerror: [m[Krequest for member â€˜[01m[Kas_double[m[Kâ€™ in â€˜[01m[Klado[m[Kâ€™, which is of non-class type â€˜[01m[Kint[m[Kâ€™
   20 |   side = lado.[01;31m[Kas_double[m[K();
      |               [01;31m[K^~~~~~~~~[m[K
gmake[2]: *** [CMakeFiles/squareController.dir/build.make:76: CMakeFiles/squareController.dir/src/squareController.cpp.o] Error 1
gmake[1]: *** [CMakeFiles/Makefile2:221: CMakeFiles/squareController.dir/all] Error 2
gmake: *** [Makefile:146: all] Error 2
